<?xml version="1.0" encoding="UTF-8"?>
<!-- Generated by org.testng.reporters.JUnitReportReporter -->
<testsuite hostname="DESKTOP-PKNTS47" failures="0" tests="2" name="testscript.ManageProductTest" time="40.881" errors="0" timestamp="2024-09-08T12:27:38 IST" skipped="0">
  <testcase classname="testscript.ManageProductTest" name="VerifyWhetherUserIsAbleToDeleteProduct" time="21.166"/>
  <testcase classname="testscript.ManageProductTest" name="VerifyWhetherUserIsAbleToDeleteProduct" time="19.715"/>
</testsuite> <!-- testscript.ManageProductTest -->
