<?xml version="1.0" encoding="UTF-8"?>
<!-- Generated by org.testng.reporters.JUnitReportReporter -->
<testsuite hostname="DESKTOP-PKNTS47" failures="0" tests="1" name="testscript.ManageFooterTextTest" time="10.965" errors="0" timestamp="2024-08-18T22:34:22 IST" skipped="0">
  <testcase classname="testscript.ManageFooterTextTest" name="VerifyWhetherUserIsAbleToUpdateFooterText" time="10.965"/>
</testsuite> <!-- testscript.ManageFooterTextTest -->
