<?xml version="1.0" encoding="UTF-8"?>
<!-- Generated by org.testng.reporters.JUnitReportReporter -->
<testsuite hostname="DESKTOP-PKNTS47" failures="0" tests="1" name="testscript.ManageSubCategoryTest" time="6.975" errors="0" timestamp="2024-08-28T21:52:51 IST" skipped="0">
  <testcase classname="testscript.ManageSubCategoryTest" name="VerifyWhetherUserIsAbleToUpdateActiveDetails" time="6.975"/>
</testsuite> <!-- testscript.ManageSubCategoryTest -->
