<?xml version="1.0" encoding="UTF-8"?>
<!-- Generated by org.testng.reporters.JUnitReportReporter -->
<testsuite hostname="DESKTOP-PKNTS47" failures="0" tests="1" name="testscript.ManageAdminUsersTest" time="11.070" errors="0" timestamp="2024-09-11T23:55:29 IST" skipped="0">
  <testcase classname="testscript.ManageAdminUsersTest" name="VerifyWhetherUserCanCreateNewAdminUser" time="11.070"/>
</testsuite> <!-- testscript.ManageAdminUsersTest -->
