<?xml version="1.0" encoding="UTF-8"?>
<!-- Generated by org.testng.reporters.JUnitReportReporter -->
<testsuite hostname="DESKTOP-PKNTS47" failures="0" tests="1" name="testscript.ManageCategoryTest" time="11.989" errors="0" timestamp="2024-08-19T11:29:31 IST" skipped="0">
  <testcase classname="testscript.ManageCategoryTest" name="VerifyWhetherUserIsAbleToUpdateManageCategory" time="11.989"/>
</testsuite> <!-- testscript.ManageCategoryTest -->
