<?xml version="1.0" encoding="UTF-8"?>
<!-- Generated by org.testng.reporters.JUnitReportReporter -->
<testsuite hostname="DESKTOP-PKNTS47" failures="0" tests="1" name="testscript.ManageNewsTest" time="16.362" errors="0" timestamp="2024-09-10T19:47:32 IST" skipped="0">
  <testcase classname="testscript.ManageNewsTest" name="VerifyWhetherUserIsAbleToAddNews" time="16.362"/>
</testsuite> <!-- testscript.ManageNewsTest -->
