<?xml version="1.0" encoding="UTF-8"?>
<!-- Generated by org.testng.reporters.JUnitReportReporter -->
<testsuite hostname="DESKTOP-PKNTS47" failures="0" tests="1" name="testscript.LogoutTest" time="8.414" errors="0" timestamp="2024-08-19T12:10:53 IST" skipped="0">
  <testcase classname="testscript.LogoutTest" name="verifyTheUserIsAbleToLogOutUsingvalidCredentials" time="8.414"/>
</testsuite> <!-- testscript.LogoutTest -->
