<?xml version="1.0" encoding="UTF-8"?>
<!-- Generated by org.testng.reporters.JUnitReportReporter -->
<testsuite hostname="DESKTOP-PKNTS47" failures="0" tests="1" name="testscript.AdminUsersTest" time="10.374" errors="0" timestamp="2024-08-13T10:37:08 IST" skipped="0">
  <testcase classname="testscript.AdminUsersTest" name="VerifyWhetherAdminUserIsAbleToUpdateData" time="10.374"/>
</testsuite> <!-- testscript.AdminUsersTest -->
