<?xml version="1.0" encoding="UTF-8"?>
<!-- Generated by org.testng.reporters.JUnitReportReporter -->
<testsuite hostname="DESKTOP-PKNTS47" failures="0" tests="1" name="testscript.ManageContactTest" time="15.416" errors="0" timestamp="2024-08-19T22:56:26 IST" skipped="0">
  <testcase classname="testscript.ManageContactTest" name="VerifyWhetherUserIsAbleToUpdateContactDetails" time="15.416"/>
</testsuite> <!-- testscript.ManageContactTest -->
