<?xml version="1.0" encoding="UTF-8"?>
<!-- Generated by org.testng.reporters.JUnitReportReporter -->
<testsuite hostname="DESKTOP-PKNTS47" failures="0" tests="1" name="testscript.ManageNewsDeletionTest" time="9.163" errors="0" timestamp="2024-08-19T12:51:57 IST" skipped="0">
  <testcase classname="testscript.ManageNewsDeletionTest" name="VerifyWhetherUserIsAbleToAddNews" time="9.163"/>
</testsuite> <!-- testscript.ManageNewsDeletionTest -->
