<?xml version="1.0" encoding="UTF-8"?>
<!-- Generated by org.testng.reporters.JUnitReportReporter -->
<testsuite hostname="DESKTOP-PKNTS47" failures="0" tests="1" name="testscript.ManageNewsTest" time="9.679" errors="0" timestamp="2024-08-19T23:26:56 IST" skipped="0">
  <testcase classname="testscript.ManageNewsTest" name="VerifyWhetherUserIsAbleToAddNews" time="9.679"/>
</testsuite> <!-- testscript.ManageNewsTest -->
