<?xml version="1.0" encoding="UTF-8"?>
<!-- Generated by org.testng.reporters.JUnitReportReporter -->
<testsuite hostname="DESKTOP-PKNTS47" failures="0" tests="1" name="testscript.ManageAdminUsersTest" time="12.240" errors="0" timestamp="2024-08-20T23:15:43 IST" skipped="0">
  <testcase classname="testscript.ManageAdminUsersTest" name="VerifyWhetherAdminUserIsAbleToUpdateData" time="12.240"/>
</testsuite> <!-- testscript.ManageAdminUsersTest -->
