<?xml version="1.0" encoding="UTF-8"?>
<!-- Generated by org.testng.reporters.JUnitReportReporter -->
<testsuite hostname="DESKTOP-PKNTS47" failures="0" tests="1" name="testscript.LogoutTest" time="8.139" errors="0" timestamp="2024-09-10T22:24:02 IST" skipped="0">
  <testcase classname="testscript.LogoutTest" name="verifyTheUserIsAbleToLogOutUsingvalidCredentials" time="8.139"/>
</testsuite> <!-- testscript.LogoutTest -->
