<?xml version="1.0" encoding="UTF-8"?>
<!-- Generated by org.testng.reporters.JUnitReportReporter -->
<testsuite hostname="DESKTOP-PKNTS47" failures="0" tests="1" name="testscript.LoginTest" time="9.275" errors="0" timestamp="2024-09-08T12:26:18 IST" skipped="0">
  <testcase classname="testscript.LoginTest" name="verifyTheUserIsAbleToLoginUsingvalidCredentials" time="9.275"/>
</testsuite> <!-- testscript.LoginTest -->
