<?xml version="1.0" encoding="UTF-8"?>
<!-- Generated by org.testng.reporters.JUnitReportReporter -->
<testsuite hostname="DESKTOP-PKNTS47" failures="0" tests="2" name="testscript.ManageProductTest" time="19.411" errors="0" timestamp="2024-08-23T15:21:16 IST" skipped="0">
  <testcase classname="testscript.ManageProductTest" name="VerifyWhetherUserIsAbleToDeleteProduct" time="8.900"/>
  <testcase classname="testscript.ManageProductTest" name="VerifyWhetherUserIsAbleToDeleteProduct" time="10.511"/>
</testsuite> <!-- testscript.ManageProductTest -->
