<?xml version="1.0" encoding="UTF-8"?>
<!-- Generated by org.testng.reporters.JUnitReportReporter -->
<testsuite hostname="DESKTOP-PKNTS47" failures="0" tests="1" name="testscript.ManageAdminUsersTest" time="16.826" errors="0" timestamp="2024-09-10T23:32:45 IST" skipped="0">
  <testcase classname="testscript.ManageAdminUsersTest" name="VerifyWhetherAdminCanChangeLockStatus" time="16.826"/>
</testsuite> <!-- testscript.ManageAdminUsersTest -->
